
------------------------------------

<-1	Подключаем ядро	1249156973.3836	0.00066590309143066	1
<-15	Чистим переменные	1249156973.3991	0.016143798828125	16
<-2	Начинаем работу	1249156973.4013	0.018328905105591	18
<-0	Подключаемся к базе	1249156973.4014	0.018420934677124	18
<-1	Считаем $request	1249156973.4022	0.019235849380493	19
<-0	Создаем DOM	1249156973.4023	0.019343852996826	19
<-0	Ищем XML и page	1249156973.4024	0.019481897354126	19
<-10	XSLT-трасформация	1249156973.4123	0.029383897781372	29
<-5	Финиш	1249156973.4174	0.034495830535889	34
------------------------------------

<-1	Подключаем ядро	1249157001.2054	0.00068902969360352	1
<-15	Чистим переменные	1249157001.2206	0.015881061553955	16
<-2	Начинаем работу	1249157001.2228	0.018079042434692	18
<-0	Подключаемся к базе	1249157001.2229	0.018180847167969	18
<-2	Считаем $request	1249157001.2249	0.020144939422607	20
<-0	Создаем DOM	1249157001.225	0.020263910293579	20
<-0	Ищем XML и page	1249157001.2252	0.020408868789673	20
<-6	XSLT-трасформация	1249157001.2304	0.025704860687256	26
<-4	Финиш	1249157001.2344	0.029639005661011	30
------------------------------------

<-0	Подключаем ядро	1249157002.3289	0.00039386749267578	0
<-11	Чистим переменные	1249157002.3397	0.011210918426514	11
<-3	Начинаем работу	1249157002.342	0.013584852218628	14
<-0	Подключаемся к базе	1249157002.3422	0.013696908950806	14
<-1	Считаем $request	1249157002.343	0.014505863189697	15
<-0	Создаем DOM	1249157002.3431	0.014627933502197	15
<-0	Ищем XML и page	1249157002.3432	0.014770030975342	15
<-9	XSLT-трасформация	1249157002.3521	0.023612976074219	24
<-6	Финиш	1249157002.3585	0.030055999755859	30
------------------------------------

<-0	Подключаем ядро	1249157004.2053	0.00038909912109375	0
<-11	Чистим переменные	1249157004.2162	0.011211156845093	11
<-3	Начинаем работу	1249157004.219	0.01409912109375	14
<-0	Подключаемся к базе	1249157004.2191	0.014200210571289	14
<-1	Считаем $request	1249157004.2199	0.014949083328247	15
<-0	Создаем DOM	1249157004.22	0.015050172805786	15
<-0	Ищем XML и page	1249157004.2201	0.015186071395874	15
<-6	XSLT-трасформация	1249157004.2259	0.020953178405762	21
<-4	Финиш	1249157004.2298	0.024860143661499	25
------------------------------------

<-1	Подключаем ядро	1249157009.9742	0.00054001808166504	1
<-11	Чистим переменные	1249157009.9853	0.011598110198975	12
<-2	Начинаем работу	1249157009.9875	0.013801097869873	14
<-0	Подключаемся к базе	1249157009.9876	0.013899087905884	14
<-1	Считаем $request	1249157009.9883	0.014653205871582	15
<-0	Создаем DOM	1249157009.9884	0.014750003814697	15
<-0	Ищем XML и page	1249157009.9886	0.014885187149048	15
<-5	XSLT-трасформация	1249157009.9936	0.01993203163147	20
<-4	Финиш	1249157009.9979	0.024216175079346	24
------------------------------------

<-0	Подключаем ядро	1249157011.0618	0.00036478042602539	0
<-11	Чистим переменные	1249157011.0725	0.01103687286377	11
<-2	Начинаем работу	1249157011.0745	0.013132810592651	13
<-0	Подключаемся к базе	1249157011.0746	0.013217926025391	13
<-1	Считаем $request	1249157011.0754	0.014019012451172	14
<-0	Создаем DOM	1249157011.0755	0.014120817184448	14
<-0	Ищем XML и page	1249157011.0757	0.01426100730896	14
<-9	XSLT-трасформация	1249157011.0842	0.022781848907471	23
<-5	Финиш	1249157011.0899	0.028479814529419	28
------------------------------------

<-0	Подключаем ядро	1249157013.4084	0.0003659725189209	0
<-11	Чистим переменные	1249157013.4191	0.011003971099854	11
<-2	Начинаем работу	1249157013.4212	0.013106107711792	13
<-0	Подключаемся к базе	1249157013.4213	0.013200998306274	13
<-1	Считаем $request	1249157013.422	0.013944149017334	14
<-0	Создаем DOM	1249157013.4221	0.014043092727661	14
<-0	Ищем XML и page	1249157013.4223	0.014179944992065	14
<-6	XSLT-трасформация	1249157013.428	0.01991605758667	20
<-4	Финиш	1249157013.432	0.023961067199707	24
------------------------------------

<-0	Подключаем ядро	1249157042.7379	0.00040912628173828	0
<-11	Чистим переменные	1249157042.7485	0.011064052581787	11
<-2	Начинаем работу	1249157042.7506	0.013164043426514	13
<-0	Подключаемся к базе	1249157042.7507	0.013244152069092	13
<-1	Считаем $request	1249157042.7515	0.013993978500366	14
<-0	Создаем DOM	1249157042.7516	0.014096021652222	14
<-0	Ищем XML и page	1249157042.7517	0.014233112335205	14
<-9	XSLT-трасформация	1249157042.7605	0.022990942001343	23
<-6	Финиш	1249157042.7662	0.028747081756592	29
------------------------------------

<-0	Подключаем ядро	1249157063.944	0.00038385391235352	0
<-11	Чистим переменные	1249157063.9545	0.01092791557312	11
<-3	Начинаем работу	1249157063.9573	0.013671875	14
<-0	Подключаемся к базе	1249157063.9574	0.013762950897217	14
<-1	Считаем $request	1249157063.9581	0.014509916305542	15
<-0	Создаем DOM	1249157063.9582	0.014605045318604	15
<-0	Ищем XML и page	1249157063.9584	0.01474404335022	15
<-5	XSLT-трасформация	1249157063.9635	0.019880056381226	20
<-4	Финиш	1249157063.9673	0.023732900619507	24
------------------------------------

<-1	Подключаем ядро	1249157065.2901	0.00067901611328125	1
<-13	Чистим переменные	1249157065.303	0.013570070266724	14
<-2	Начинаем работу	1249157065.3052	0.015767097473145	16
<-0	Подключаемся к базе	1249157065.3053	0.015856027603149	16
<-1	Считаем $request	1249157065.3061	0.016663074493408	17
<-0	Создаем DOM	1249157065.3062	0.016784191131592	17
<-0	Ищем XML и page	1249157065.3064	0.016926050186157	17
<-9	XSLT-трасформация	1249157065.3154	0.025941133499146	26
<-7	Финиш	1249157065.3222	0.032803058624268	33
------------------------------------

<-1	Подключаем ядро	1249157085.5758	0.00062990188598633	1
<-21	Чистим переменные	1249157085.5968	0.021643877029419	22
<-2	Начинаем работу	1249157085.5995	0.024420022964478	24
<-1	Подключаемся к базе	1249157085.5996	0.024502992630005	25
<-0	Считаем $request	1249157085.6004	0.025254011154175	25
<-0	Создаем DOM	1249157085.6005	0.025352954864502	25
<-0	Ищем XML и page	1249157085.6006	0.025487899780273	25
<-10	XSLT-трасформация	1249157085.6104	0.035276889801025	35
<-5	Финиш	1249157085.6155	0.040364027023315	40
------------------------------------

<-58	Подключаем ядро	1249203213.4181	0.057958126068115	58
<-33	Чистим переменные	1249203213.4508	0.090651988983154	91
<-9	Начинаем работу	1249203213.4603	0.10015106201172	100
<-0	Подключаемся к базе	1249203213.4604	0.10024905204773	100
<-165	Считаем $request	1249203213.6254	0.26529002189636	265
<-1	Создаем DOM	1249203213.6257	0.26557016372681	266
<-0	Ищем XML и page	1249203213.6262	0.26603102684021	266
<-97	XSLT-трасформация	1249203213.7232	0.36304616928101	363
<-47	Финиш	1249203213.7697	0.40952301025391	410
------------------------------------

<-0	Подключаем ядро	1249203216.15	0.00042510032653809	0
<-11	Чистим переменные	1249203216.161	0.011447906494141	11
<-3	Начинаем работу	1249203216.1632	0.013684988021851	14
<-0	Подключаемся к базе	1249203216.1633	0.013765096664429	14
<-1	Считаем $request	1249203216.1641	0.014563083648682	15
<-0	Создаем DOM	1249203216.1642	0.014677047729492	15
<-0	Ищем XML и page	1249203216.1643	0.014815092086792	15
<-100	XSLT-трасформация	1249203216.2641	0.11454701423645	115
<-13	Финиш	1249203216.2771	0.12754607200623	128
------------------------------------

<-0	Подключаем ядро	1249203218.0552	0.0003659725189209	0
<-11	Чистим переменные	1249203218.0662	0.01136589050293	11
<-3	Начинаем работу	1249203218.0685	0.013683795928955	14
<-0	Подключаемся к базе	1249203218.0686	0.013773918151855	14
<-1	Считаем $request	1249203218.0695	0.014609813690186	15
<-0	Создаем DOM	1249203218.0696	0.014721870422363	15
<-0	Ищем XML и page	1249203218.0697	0.014861822128296	15
<-41	XSLT-трасформация	1249203218.1111	0.056265830993652	56
<-9	Финиш	1249203218.1196	0.064711809158325	65
------------------------------------

<-0	Подключаем ядро	1249203219.4557	0.00037503242492676	0
<-11	Чистим переменные	1249203219.4667	0.011422157287598	11
<-3	Начинаем работу	1249203219.4689	0.013640165328979	14
<-0	Подключаемся к базе	1249203219.469	0.013730049133301	14
<-1	Считаем $request	1249203219.4699	0.014619112014771	15
<-0	Создаем DOM	1249203219.47	0.014740228652954	15
<-0	Ищем XML и page	1249203219.4702	0.014889001846313	15
<-61	XSLT-трасформация	1249203219.5311	0.075820207595825	76
<-22	Финиш	1249203219.5531	0.097790002822876	98
------------------------------------

<-1	Подключаем ядро	1249203221.4495	0.00066399574279785	1
<-21	Чистим переменные	1249203221.4709	0.022065877914429	22
<-2	Начинаем работу	1249203221.4732	0.024300813674927	24
<-0	Подключаемся к базе	1249203221.4732	0.024393796920776	24
<-1	Считаем $request	1249203221.474	0.025181770324707	25
<-0	Создаем DOM	1249203221.4741	0.025278806686401	25
<-0	Ищем XML и page	1249203221.4743	0.025425910949707	25
<-8	XSLT-трасформация	1249203221.4818	0.032928943634033	33
<-4	Финиш	1249203221.486	0.03711199760437	37
------------------------------------

<-0	Подключаем ядро	1249203222.9712	0.00036096572875977	0
<-11	Чистим переменные	1249203222.9819	0.011067867279053	11
<-2	Начинаем работу	1249203222.984	0.013175964355469	13
<-0	Подключаемся к базе	1249203222.9841	0.013252019882202	13
<-1	Считаем $request	1249203222.9848	0.014014005661011	14
<-0	Создаем DOM	1249203222.9849	0.014112949371338	14
<-0	Ищем XML и page	1249203222.9851	0.014245986938477	14
<-8	XSLT-трасформация	1249203222.9927	0.021859884262085	22
<-5	Финиш	1249203222.998	0.027185916900635	27
------------------------------------

<-0	Подключаем ядро	1249203224.0964	0.00036406517028809	0
<-11	Чистим переменные	1249203224.1074	0.011329174041748	11
<-3	Начинаем работу	1249203224.1097	0.013631105422974	14
<-0	Подключаемся к базе	1249203224.1097	0.013719081878662	14
<-1	Считаем $request	1249203224.1106	0.014571189880371	15
<-0	Создаем DOM	1249203224.1107	0.014684200286865	15
<-0	Ищем XML и page	1249203224.1108	0.014825105667114	15
<-5	XSLT-трасформация	1249203224.116	0.020019054412842	20
<-4	Финиш	1249203224.12	0.023986101150513	24
------------------------------------

<-0	Подключаем ядро	1249203225.193	0.00035309791564941	0
<-11	Чистим переменные	1249203225.2037	0.011065006256104	11
<-2	Начинаем работу	1249203225.2058	0.013163089752197	13
<-0	Подключаемся к базе	1249203225.2059	0.013240098953247	13
<-1	Считаем $request	1249203225.2066	0.014001131057739	14
<-0	Создаем DOM	1249203225.2067	0.014098167419434	14
<-0	Ищем XML и page	1249203225.2068	0.014230012893677	14
<-8	XSLT-трасформация	1249203225.2144	0.021770000457764	22
<-4	Финиш	1249203225.2186	0.026015996932983	26
------------------------------------

<-0	Подключаем ядро	1249203227.8514	0.00037097930908203	0
<-11	Чистим переменные	1249203227.8623	0.01124095916748	11
<-2	Начинаем работу	1249203227.8645	0.013457059860229	13
<-1	Подключаемся к базе	1249203227.8646	0.013549089431763	14
<-0	Считаем $request	1249203227.8655	0.014471054077148	14
<-1	Создаем DOM	1249203227.8656	0.014580011367798	15
<-0	Ищем XML и page	1249203227.8658	0.014722108840942	15
<-0	Финиш	1249203227.866	0.014965057373047	15
------------------------------------

<-0	Подключаем ядро	1249203229.2525	0.00038790702819824	0
<-11	Чистим переменные	1249203229.2634	0.011331081390381	11
<-3	Начинаем работу	1249203229.2657	0.013567924499512	14
<-0	Подключаемся к базе	1249203229.2658	0.013652086257935	14
<-1	Считаем $request	1249203229.2666	0.014532089233398	15
<-0	Создаем DOM	1249203229.2667	0.014641046524048	15
<-0	Ищем XML и page	1249203229.2669	0.014780044555664	15
<-8	XSLT-трасформация	1249203229.2752	0.02308201789856	23
<-4	Финиш	1249203229.2795	0.027364015579224	27
------------------------------------

<-0	Подключаем ядро	1249203230.619	0.00035190582275391	0
<-11	Чистим переменные	1249203230.63	0.011350870132446	11
<-3	Начинаем работу	1249203230.6323	0.013644933700562	14
<-0	Подключаемся к базе	1249203230.6324	0.013737916946411	14
<-1	Считаем $request	1249203230.6332	0.014559984207153	15
<-0	Создаем DOM	1249203230.6333	0.014662981033325	15
<-0	Ищем XML и page	1249203230.6335	0.014803886413574	15
<-5	XSLT-трасформация	1249203230.6385	0.019799947738647	20
<-4	Финиш	1249203230.6424	0.023757934570312	24
------------------------------------

<-1	Подключаем ядро	1249203231.8028	0.00063991546630859	1
<-21	Чистим переменные	1249203231.8242	0.022076845169067	22
<-3	Начинаем работу	1249203231.8274	0.02525782585144	25
<-0	Подключаемся к базе	1249203231.8275	0.02533483505249	25
<-1	Считаем $request	1249203231.8282	0.02609395980835	26
<-0	Создаем DOM	1249203231.8283	0.026189804077148	26
<-0	Ищем XML и page	1249203231.8285	0.026322841644287	26
<-8	XSLT-трасформация	1249203231.836	0.033868789672852	34
<-4	Финиш	1249203231.8403	0.038191795349121	38
------------------------------------

<-1	Подключаем ядро	1249203232.9083	0.00063896179199219	1
<-21	Чистим переменные	1249203232.9297	0.02202296257019	22
<-3	Начинаем работу	1249203232.9326	0.024992942810059	25
<-0	Подключаемся к базе	1249203232.9327	0.025070905685425	25
<-1	Считаем $request	1249203232.9335	0.025830984115601	26
<-0	Создаем DOM	1249203232.9336	0.025927066802979	26
<-0	Ищем XML и page	1249203232.9337	0.02606201171875	26
<-8	XSLT-трасформация	1249203232.9413	0.033665895462036	34
<-5	Финиш	1249203232.9467	0.039048910140991	39
------------------------------------

<-0	Подключаем ядро	1249203233.9978	0.0003509521484375	0
<-11	Чистим переменные	1249203234.0085	0.011075019836426	11
<-2	Начинаем работу	1249203234.0107	0.013243913650513	13
<-0	Подключаемся к базе	1249203234.0108	0.013325929641724	13
<-1	Считаем $request	1249203234.0116	0.014139890670776	14
<-0	Создаем DOM	1249203234.0117	0.014241933822632	14
<-0	Ищем XML и page	1249203234.0118	0.014374971389771	14
<-5	XSLT-трасформация	1249203234.0167	0.019239902496338	19
<-4	Финиш	1249203234.0205	0.023070812225342	23
------------------------------------

<-1	Подключаем ядро	1249203235.0825	0.00065088272094727	1
<-21	Чистим переменные	1249203235.104	0.022076845169067	22
<-3	Начинаем работу	1249203235.1073	0.025398969650269	25
<-0	Подключаемся к базе	1249203235.1074	0.025475978851318	25
<-1	Считаем $request	1249203235.1081	0.026225805282593	26
<-0	Создаем DOM	1249203235.1082	0.026343822479248	26
<-0	Ищем XML и page	1249203235.1084	0.026476860046387	26
<-8	XSLT-трасформация	1249203235.1164	0.034492969512939	34
<-5	Финиш	1249203235.1208	0.038926839828491	39
------------------------------------

<-0	Подключаем ядро	1249203237.1165	0.00036001205444336	0
<-11	Чистим переменные	1249203237.1272	0.011044979095459	11
<-2	Начинаем работу	1249203237.1293	0.013154983520508	13
<-0	Подключаемся к базе	1249203237.1293	0.013231992721558	13
<-1	Считаем $request	1249203237.1301	0.01398491859436	14
<-0	Создаем DOM	1249203237.1302	0.014091968536377	14
<-0	Ищем XML и page	1249203237.1303	0.014225959777832	14
<-8	XSLT-трасформация	1249203237.1383	0.022228002548218	22
<-6	Финиш	1249203237.1437	0.027592897415161	28
------------------------------------

<-1	Подключаем ядро	1249203239.9284	0.00067591667175293	1
<-11	Чистим переменные	1249203239.94	0.01221489906311	12
<-2	Начинаем работу	1249203239.9422	0.01449990272522	14
<-1	Подключаемся к базе	1249203239.9423	0.014602899551392	15
<-0	Считаем $request	1249203239.9431	0.015383958816528	15
<-1	Создаем DOM	1249203239.9433	0.015512943267822	16
<-0	Ищем XML и page	1249203239.9434	0.015653848648071	16
<-9	XSLT-трасформация	1249203239.9532	0.025447845458984	25
<-7	Финиш	1249203239.9593	0.031529903411865	32
------------------------------------

<-0	Подключаем ядро	1249203243.5735	0.00035595893859863	0
<-11	Чистим переменные	1249203243.5842	0.011045932769775	11
<-2	Начинаем работу	1249203243.5863	0.013130903244019	13
<-0	Подключаемся к базе	1249203243.5864	0.013207912445068	13
<-1	Считаем $request	1249203243.5871	0.013963937759399	14
<-0	Создаем DOM	1249203243.5873	0.014074087142944	14
<-0	Ищем XML и page	1249203243.5874	0.014208078384399	14
<-8	XSLT-трасформация	1249203243.595	0.021804094314575	22
<-5	Финиш	1249203243.6003	0.027153015136719	27
------------------------------------

<-1	Подключаем ядро	1249203246.0343	0.00064802169799805	1
<-21	Чистим переменные	1249203246.0556	0.022006034851074	22
<-3	Начинаем работу	1249203246.0591	0.025454998016357	25
<-1	Подключаемся к базе	1249203246.0592	0.025532960891724	26
<-0	Считаем $request	1249203246.0599	0.026298046112061	26
<-0	Создаем DOM	1249203246.06	0.026396036148071	26
<-1	Ищем XML и page	1249203246.0602	0.026530027389526	27
<-5	XSLT-трасформация	1249203246.0653	0.031655073165894	32
<-4	Финиш	1249203246.0691	0.035517930984497	36
------------------------------------

<-0	Подключаем ядро	1249203405.0753	0.00040197372436523	0
<-12	Чистим переменные	1249203405.0865	0.011667013168335	12
<-2	Начинаем работу	1249203405.0888	0.01389479637146	14
<-0	Подключаемся к базе	1249203405.0889	0.013990879058838	14
<-1	Считаем $request	1249203405.0898	0.014966011047363	15
<-0	Создаем DOM	1249203405.0899	0.015079975128174	15
<-0	Ищем XML и page	1249203405.0901	0.015221834182739	15
<-9	XSLT-трасформация	1249203405.0989	0.024020910263062	24
<-5	Финиш	1249203405.1037	0.028786897659302	29
------------------------------------

<-0	Подключаем ядро	1249204471.2547	0.00040793418884277	0
<-11	Чистим переменные	1249204471.2658	0.011476993560791	11
<-3	Начинаем работу	1249204471.2683	0.013974905014038	14
<-0	Подключаемся к базе	1249204471.2684	0.014076948165894	14
<-1	Считаем $request	1249204471.2693	0.014981031417847	15
<-0	Создаем DOM	1249204471.2694	0.015084981918335	15
<-0	Ищем XML и page	1249204471.2695	0.015220880508423	15
<-6	XSLT-трасформация	1249204471.2756	0.021295070648193	21
<-4	Финиш	1249204471.2796	0.02524209022522	25
------------------------------------

<-0	Подключаем ядро	1249204473.0949	0.00034999847412109	0
<-11	Чистим переменные	1249204473.1058	0.011234045028687	11
<-2	Начинаем работу	1249204473.1079	0.013329982757568	13
<-0	Подключаемся к базе	1249204473.108	0.013416051864624	13
<-1	Считаем $request	1249204473.1089	0.014302968978882	14
<-0	Создаем DOM	1249204473.109	0.014430999755859	14
<-1	Ищем XML и page	1249204473.1092	0.014669895172119	15
<-7	XSLT-трасформация	1249204473.117	0.022428035736084	22
<-5	Финиш	1249204473.1218	0.027292013168335	27
------------------------------------

<-1	Подключаем ядро	1249204477.0074	0.00065517425537109	1
<-12	Чистим переменные	1249204477.0196	0.012825965881348	13
<-4	Начинаем работу	1249204477.0234	0.016638040542603	17
<-0	Подключаемся к базе	1249204477.0235	0.016748189926147	17
<-2	Считаем $request	1249204477.0258	0.019046068191528	19
<-0	Создаем DOM	1249204477.026	0.019165992736816	19
<-0	Ищем XML и page	1249204477.0261	0.019312143325806	19
------------------------------------

<-0	Подключаем ядро	1249204477.0427	0.00037598609924316	0
<-14	Чистим переменные	1249204477.0559	0.013536930084229	14
<-3	Начинаем работу	1249204477.0591	0.016740083694458	17
<-0	Подключаемся к базе	1249204477.0592	0.01685905456543	17
<-1	Считаем $request	1249204477.0602	0.017868995666504	18
<-0	Создаем DOM	1249204477.0603	0.018008947372437	18
<-0	Ищем XML и page	1249204477.0605	0.018193960189819	18
<-11	XSLT-трасформация	1249204477.0712	0.028902053833008	29
<-4	Финиш	1249204477.0755	0.033173084259033	33
------------------------------------

<-1	Подключаем ядро	1249204479.4418	0.00063991546630859	1
<-15	Чистим переменные	1249204479.4569	0.015707969665527	16
<-2	Начинаем работу	1249204479.4592	0.017985105514526	18
<-0	Подключаемся к базе	1249204479.4593	0.018069982528687	18
<-1	Считаем $request	1249204479.4602	0.019015073776245	19
<-0	Создаем DOM	1249204479.4603	0.019150018692017	19
<-0	Ищем XML и page	1249204479.4605	0.019300937652588	19
<-8	XSLT-трасформация	1249204479.4687	0.02747106552124	27
<-6	Финиш	1249204479.4737	0.032505989074707	33
------------------------------------

<-1	Подключаем ядро	1249204481.4856	0.00064802169799805	1
<-13	Чистим переменные	1249204481.4987	0.013708114624023	14
<-2	Начинаем работу	1249204481.5009	0.015932083129883	16
<-0	Подключаемся к базе	1249204481.501	0.016036033630371	16
<-1	Считаем $request	1249204481.502	0.016997098922729	17
<-0	Создаем DOM	1249204481.5021	0.017125129699707	17
<-0	Ищем XML и page	1249204481.5022	0.017269134521484	17
<-6	XSLT-трасформация	1249204481.5083	0.023380994796753	23
<-5	Финиш	1249204481.5125	0.027569055557251	28
------------------------------------

<-0	Подключаем ядро	1249204483.5539	0.00040507316589355	0
<-11	Чистим переменные	1249204483.5649	0.011404991149902	11
<-3	Начинаем работу	1249204483.5674	0.013814926147461	14
<-0	Подключаемся к базе	1249204483.5675	0.013911008834839	14
<-1	Считаем $request	1249204483.5683	0.014773845672607	15
<-0	Создаем DOM	1249204483.5684	0.01490306854248	15
<-0	Ищем XML и page	1249204483.5686	0.015044927597046	15
<-9	XSLT-трасформация	1249204483.5774	0.023890972137451	24
<-6	Финиш	1249204483.5832	0.029662847518921	30
------------------------------------

<-1	Подключаем ядро	1249206679.3917	0.00072097778320312	1
<-20	Чистим переменные	1249206679.4117	0.020687103271484	21
<-2	Начинаем работу	1249206679.414	0.023039102554321	23
<-0	Подключаемся к базе	1249206679.4141	0.023145198822021	23
<-1	Считаем $request	1249206679.4152	0.024185180664062	24
<-0	Создаем DOM	1249206679.4153	0.024317026138306	24
<-0	Ищем XML и page	1249206679.4154	0.024461984634399	24
<-9	XSLT-трасформация	1249206679.4242	0.033260107040405	33
<-7	Финиш	1249206679.431	0.040033102035522	40
------------------------------------

<-0	Подключаем ядро	1249206681.3843	0.0003819465637207	0
<-11	Чистим переменные	1249206681.3953	0.011357069015503	11
<-3	Начинаем работу	1249206681.3976	0.013643026351929	14
<-0	Подключаемся к базе	1249206681.3977	0.013746976852417	14
<-1	Считаем $request	1249206681.3985	0.014611005783081	15
<-0	Создаем DOM	1249206681.3987	0.014726877212524	15
<-0	Ищем XML и page	1249206681.3988	0.014869928359985	15
<-6	XSLT-трасформация	1249206681.4049	0.020971059799194	21
<-4	Финиш	1249206681.409	0.025089979171753	25
------------------------------------

<-0	Подключаем ядро	1249206682.8325	0.00037908554077148	0
<-11	Чистим переменные	1249206682.8435	0.011346101760864	11
<-3	Начинаем работу	1249206682.8464	0.014256000518799	14
<-0	Подключаемся к базе	1249206682.8465	0.014364957809448	14
<-1	Считаем $request	1249206682.8473	0.015208005905151	15
<-0	Создаем DOM	1249206682.8475	0.015322923660278	15
<-0	Ищем XML и page	1249206682.8476	0.015466928482056	15
<-9	XSLT-трасформация	1249206682.8566	0.024485111236572	24
<-5	Финиш	1249206682.8607	0.028598070144653	29
------------------------------------

<-1	Подключаем ядро	1249206686.0986	0.00067400932312012	1
<-18	Чистим переменные	1249206686.1169	0.018962860107422	19
<-2	Начинаем работу	1249206686.1192	0.021279811859131	21
<-0	Подключаемся к базе	1249206686.1193	0.021384954452515	21
<-1	Считаем $request	1249206686.1201	0.022180795669556	22
<-0	Создаем DOM	1249206686.1202	0.022291898727417	22
<-0	Ищем XML и page	1249206686.1203	0.0224289894104	22
<-10	XSLT-трасформация	1249206686.1297	0.031828880310059	32
<-9	Финиш	1249206686.1389	0.041006803512573	41
------------------------------------

<-1	Подключаем ядро	1249206688.9009	0.00065398216247559	1
<-15	Чистим переменные	1249206688.9162	0.01596999168396	16
<-2	Начинаем работу	1249206688.9184	0.018182992935181	18
<-0	Подключаемся к базе	1249206688.9185	0.018267154693604	18
<-1	Считаем $request	1249206688.9194	0.0191490650177	19
<-0	Создаем DOM	1249206688.9195	0.019268989562988	19
<-0	Ищем XML и page	1249206688.9196	0.019411087036133	19
<-9	XSLT-трасформация	1249206688.9284	0.028217077255249	28
<-5	Финиш	1249206688.9336	0.033368110656738	33
------------------------------------

<-1	Подключаем ядро	1249206690.418	0.00067520141601562	1
<-18	Чистим переменные	1249206690.4364	0.019047021865845	19
<-2	Начинаем работу	1249206690.4386	0.021290063858032	21
<-0	Подключаемся к базе	1249206690.4387	0.02138614654541	21
<-1	Считаем $request	1249206690.4395	0.022208213806152	22
<-0	Создаем DOM	1249206690.4397	0.022325038909912	22
<-0	Ищем XML и page	1249206690.4398	0.022464990615845	22
<-9	XSLT-трасформация	1249206690.4485	0.031177997589111	31
<-5	Финиш	1249206690.453	0.035628080368042	36
------------------------------------

<-0	Подключаем ядро	1249206699.1471	0.00037002563476562	0
<-16	Чистим переменные	1249206699.1622	0.015506029129028	16
<-2	Начинаем работу	1249206699.1652	0.018499135971069	18
<-1	Подключаемся к базе	1249206699.1653	0.018611192703247	19
<-1	Считаем $request	1249206699.1663	0.019625186920166	20
<-0	Создаем DOM	1249206699.1665	0.019765138626099	20
<-0	Ищем XML и page	1249206699.1666	0.019951105117798	20
<-18	XSLT-трасформация	1249206699.1844	0.037676095962524	38
<-12	Финиш	1249206699.1968	0.050137996673584	50
------------------------------------

<-0	Подключаем ядро	1249218619.8118	0.00038886070251465	0
<-11	Чистим переменные	1249218619.8226	0.011189937591553	11
<-3	Начинаем работу	1249218619.8249	0.013501882553101	14
<-0	Подключаемся к базе	1249218619.825	0.013581037521362	14
<-2	Считаем $request	1249218619.8277	0.016227960586548	16
<-0	Создаем DOM	1249218619.8278	0.016373872756958	16
<-1	Ищем XML и page	1249218619.828	0.016517877578735	17
<-9	XSLT-трасформация	1249218619.837	0.025584936141968	26
<-5	Финиш	1249218619.8428	0.031343936920166	31
------------------------------------

<-0	Подключаем ядро	1249218620.778	0.0003819465637207	0
<-11	Чистим переменные	1249218620.789	0.011413097381592	11
<-3	Начинаем работу	1249218620.7915	0.013911962509155	14
<-0	Подключаемся к базе	1249218620.7916	0.014002084732056	14
<-1	Считаем $request	1249218620.7923	0.014750957489014	15
<-0	Создаем DOM	1249218620.7924	0.014848947525024	15
<-0	Ищем XML и page	1249218620.7926	0.014982938766479	15
<-6	XSLT-трасформация	1249218620.7984	0.020857095718384	21
<-4	Финиш	1249218620.8024	0.024808883666992	25
------------------------------------

<-78	Подключаем ядро	1249293971.945	0.077504873275757	78
<-36	Чистим переменные	1249293971.9811	0.11353707313538	114
<-8	Начинаем работу	1249293971.99	0.12247204780579	122
<-1	Подключаемся к базе	1249293971.9902	0.12264800071716	123
<-153	Считаем $request	1249293972.1439	0.27634406089783	276
<-1	Создаем DOM	1249293972.1442	0.27662301063538	277
<-0	Ищем XML и page	1249293972.1446	0.27707600593567	277
<-99	XSLT-трасформация	1249293972.2438	0.37630200386047	376
<-56	Финиш	1249293972.2993	0.43180704116821	432
------------------------------------

<-1	Подключаем ядро	1249293973.7656	0.00067496299743652	1
<-18	Чистим переменные	1249293973.7842	0.019253015518188	19
<-2	Начинаем работу	1249293973.786	0.021054029464722	21
<-0	Подключаемся к базе	1249293973.7861	0.021131992340088	21
<-1	Считаем $request	1249293973.7869	0.021955013275146	22
<-0	Создаем DOM	1249293973.787	0.02205491065979	22
<-0	Ищем XML и page	1249293973.7871	0.022186994552612	22
<-63	XSLT-трасформация	1249293973.8502	0.085326910018921	85
<-14	Финиш	1249293973.8638	0.098832845687866	99
------------------------------------

<-0	Подключаем ядро	1249293974.7623	0.00036501884460449	0
<-11	Чистим переменные	1249293974.7729	0.010929822921753	11
<-2	Начинаем работу	1249293974.7746	0.012631893157959	13
<-0	Подключаемся к базе	1249293974.7746	0.012707948684692	13
<-1	Считаем $request	1249293974.7755	0.013545036315918	14
<-0	Создаем DOM	1249293974.7756	0.013660907745361	14
<-0	Ищем XML и page	1249293974.7757	0.013795852661133	14
<-43	XSLT-трасформация	1249293974.8191	0.057180881500244	57
<-8	Финиш	1249293974.8272	0.065229892730713	65
------------------------------------

<-1	Подключаем ядро	1249293975.8931	0.00065493583679199	1
<-14	Чистим переменные	1249293975.9077	0.015262842178345	15
<-2	Начинаем работу	1249293975.9094	0.016992807388306	17
<-0	Подключаемся к базе	1249293975.9095	0.017069816589355	17
<-1	Считаем $request	1249293975.9103	0.017879009246826	18
<-0	Создаем DOM	1249293975.9104	0.017980813980103	18
<-0	Ищем XML и page	1249293975.9106	0.018117904663086	18
<-51	XSLT-трасформация	1249293975.9617	0.06926703453064	69
<-9	Финиш	1249293975.9706	0.078154802322388	78
------------------------------------

<-0	Подключаем ядро	1249293976.912	0.00039887428283691	0
<-11	Чистим переменные	1249293976.9227	0.011100769042969	11
<-2	Начинаем работу	1249293976.9244	0.012874841690063	13
<-0	Подключаемся к базе	1249293976.9245	0.012953996658325	13
<-1	Считаем $request	1249293976.9253	0.013745784759521	14
<-0	Создаем DOM	1249293976.9254	0.013849973678589	14
<-0	Ищем XML и page	1249293976.9256	0.013981819152832	14
<-5	XSLT-трасформация	1249293976.9305	0.018901824951172	19
<-4	Финиш	1249293976.9343	0.02277398109436	23
------------------------------------

<-1	Подключаем ядро	1249293977.6773	0.00066399574279785	1
<-12	Чистим переменные	1249293977.6898	0.013154029846191	13
<-2	Начинаем работу	1249293977.6915	0.014896154403687	15
<-0	Подключаемся к базе	1249293977.6916	0.014976024627686	15
<-1	Считаем $request	1249293977.6924	0.015741109848022	16
<-0	Создаем DOM	1249293977.6925	0.015839099884033	16
<-0	Ищем XML и page	1249293977.6926	0.015971183776855	16
<-8	XSLT-трасформация	1249293977.7004	0.023750066757202	24
<-8	Финиш	1249293977.7085	0.031822204589844	32
------------------------------------

<-1	Подключаем ядро	1249293978.957	0.00064587593078613	1
<-12	Чистим переменные	1249293978.9696	0.013185024261475	13
<-2	Начинаем работу	1249293978.9713	0.01490592956543	15
<-0	Подключаемся к базе	1249293978.9714	0.014981031417847	15
<-1	Считаем $request	1249293978.9721	0.0157310962677	16
<-0	Создаем DOM	1249293978.9722	0.015836000442505	16
<-0	Ищем XML и page	1249293978.9723	0.015968084335327	16
<-4	XSLT-трасформация	1249293978.9766	0.020231962203979	20
<-4	Финиш	1249293978.9803	0.023918867111206	24
------------------------------------

<-0	Подключаем ядро	1249293979.7493	0.00040698051452637	0
<-11	Чистим переменные	1249293979.76	0.011077165603638	11
<-2	Начинаем работу	1249293979.7618	0.012833118438721	13
<-0	Подключаемся к базе	1249293979.7618	0.012912034988403	13
<-1	Считаем $request	1249293979.7626	0.013672113418579	14
<-0	Создаем DOM	1249293979.7627	0.013769149780273	14
<-0	Ищем XML и page	1249293979.7628	0.013900995254517	14
<-8	XSLT-трасформация	1249293979.7706	0.021628141403198	22
<-5	Финиш	1249293979.776	0.027044057846069	27
------------------------------------

<-0	Подключаем ядро	1249293980.7233	0.00039792060852051	0
<-11	Чистим переменные	1249293980.734	0.011072874069214	11
<-2	Начинаем работу	1249293980.7358	0.012810945510864	13
<-0	Подключаемся к базе	1249293980.7358	0.012885808944702	13
<-1	Считаем $request	1249293980.7366	0.013649940490723	14
<-0	Создаем DOM	1249293980.7367	0.013746976852417	14
<-0	Ищем XML и page	1249293980.7368	0.01387882232666	14
<-5	XSLT-трасформация	1249293980.7422	0.01920485496521	19
<-5	Финиш	1249293980.7468	0.023813009262085	24
------------------------------------

<-1	Подключаем ядро	1249293981.6613	0.00070619583129883	1
<-11	Чистим переменные	1249293981.6729	0.012341022491455	12
<-2	Начинаем работу	1249293981.6747	0.014093160629272	14
<-0	Подключаемся к базе	1249293981.6747	0.014180183410645	14
<-1	Считаем $request	1249293981.6755	0.014976024627686	15
<-0	Создаем DOM	1249293981.6756	0.015085220336914	15
<-0	Ищем XML и page	1249293981.6758	0.015223026275635	15
<-8	XSLT-трасформация	1249293981.6839	0.023337125778198	23
<-6	Финиш	1249293981.6895	0.028905153274536	29
------------------------------------

<-1	Подключаем ядро	1249293982.7975	0.00064992904663086	1
<-21	Чистим переменные	1249293982.8189	0.022003889083862	22
<-3	Начинаем работу	1249293982.822	0.025105953216553	25
<-0	Подключаемся к базе	1249293982.8221	0.025248050689697	25
<-2	Считаем $request	1249293982.8234	0.026556015014648	27
<-0	Создаем DOM	1249293982.8236	0.026753902435303	27
<-0	Ищем XML и page	1249293982.8238	0.026986837387085	27
<-13	XSLT-трасформация	1249293982.837	0.040187835693359	40
<-5	Финиш	1249293982.8418	0.044946908950806	45
------------------------------------

<-1	Подключаем ядро	1249293987.5975	0.00067806243896484	1
<-12	Чистим переменные	1249293987.6099	0.013095140457153	13
<-2	Начинаем работу	1249293987.6116	0.014829158782959	15
<-0	Подключаемся к базе	1249293987.6117	0.014907121658325	15
<-1	Считаем $request	1249293987.6125	0.015671968460083	16
<-0	Создаем DOM	1249293987.6126	0.015773057937622	16
<-0	Ищем XML и page	1249293987.6127	0.015906095504761	16
<-7	XSLT-трасформация	1249293987.6203	0.02347207069397	23
<-9	Финиш	1249293987.6286	0.031782150268555	32
------------------------------------

<-0	Подключаем ядро	1249293990.5025	0.00041007995605469	0
<-11	Чистим переменные	1249293990.5133	0.011280059814453	11
<-2	Начинаем работу	1249293990.5151	0.013063192367554	13
<-0	Подключаемся к базе	1249293990.5152	0.013154029846191	13
<-1	Считаем $request	1249293990.516	0.013972043991089	14
<-0	Создаем DOM	1249293990.5162	0.014087200164795	14
<-0	Ищем XML и page	1249293990.5163	0.014225006103516	14
<-8	XSLT-трасформация	1249293990.5242	0.022098064422607	22
<-4	Финиш	1249293990.5284	0.026364088058472	26
------------------------------------

<-0	Подключаем ядро	1249293992.409	0.00038313865661621	0
<-11	Чистим переменные	1249293992.4199	0.011273145675659	11
<-2	Начинаем работу	1249293992.4217	0.013054132461548	13
<-0	Подключаемся к базе	1249293992.4218	0.013135194778442	13
<-1	Считаем $request	1249293992.4226	0.014014005661011	14
<-0	Создаем DOM	1249293992.4228	0.014142036437988	14
<-0	Ищем XML и page	1249293992.4229	0.014286994934082	14
<-5	XSLT-трасформация	1249293992.428	0.019324064254761	19
<-4	Финиш	1249293992.4319	0.023254156112671	23
------------------------------------

<-0	Подключаем ядро	1249293996.8322	0.00038599967956543	0
<-11	Чистим переменные	1249293996.8429	0.011114120483398	11
<-3	Начинаем работу	1249293996.8461	0.014305114746094	14
<-0	Подключаемся к базе	1249293996.8462	0.014425039291382	14
<-1	Считаем $request	1249293996.847	0.01521110534668	15
<-0	Создаем DOM	1249293996.8471	0.015318155288696	15
<-1	Ищем XML и page	1249293996.8473	0.015516042709351	16
------------------------------------

<-0	Подключаем ядро	1249293996.8623	0.00037503242492676	0
<-11	Чистим переменные	1249293996.8729	0.011022090911865	11
<-2	Начинаем работу	1249293996.8747	0.012778043746948	13
<-0	Подключаемся к базе	1249293996.8748	0.012863159179688	13
<-1	Считаем $request	1249293996.8756	0.01364803314209	14
<-0	Создаем DOM	1249293996.8757	0.013751983642578	14
<-0	Ищем XML и page	1249293996.8758	0.0138840675354	14
<-6	XSLT-трасформация	1249293996.8816	0.019717931747437	20
<-4	Финиш	1249293996.8856	0.023684978485107	24
------------------------------------

<-0	Подключаем ядро	1249293999.0076	0.00039196014404297	0
<-11	Чистим переменные	1249293999.0183	0.011101007461548	11
<-2	Начинаем работу	1249293999.0201	0.012864828109741	13
<-0	Подключаемся к базе	1249293999.0202	0.012954950332642	13
<-1	Считаем $request	1249293999.021	0.0138258934021	14
<-0	Создаем DOM	1249293999.0212	0.013964891433716	14
<-0	Ищем XML и page	1249293999.0213	0.014105796813965	14
<-10	XSLT-трасформация	1249293999.0309	0.023723840713501	24
<-5	Финиш	1249293999.0359	0.028679847717285	29
------------------------------------

<-1	Подключаем ядро	1249294009.5012	0.00068497657775879	1
<-11	Чистим переменные	1249294009.5129	0.012334108352661	12
<-2	Начинаем работу	1249294009.5146	0.014078140258789	14
<-0	Подключаемся к базе	1249294009.5147	0.014153003692627	14
<-1	Считаем $request	1249294009.5154	0.014917135238647	15
<-0	Создаем DOM	1249294009.5155	0.015017986297607	15
<-0	Ищем XML и page	1249294009.5157	0.015151023864746	15
<-11	XSLT-трасформация	1249294009.5263	0.025745153427124	26
<-8	Финиш	1249294009.5348	0.034304141998291	34
------------------------------------

<-0	Подключаем ядро	1249294010.9261	0.0004119873046875	0
<-11	Чистим переменные	1249294010.9368	0.011120080947876	11
<-2	Начинаем работу	1249294010.9387	0.013028144836426	13
<-0	Подключаемся к базе	1249294010.9388	0.013105154037476	13
<-1	Считаем $request	1249294010.9396	0.013910055160522	14
<-0	Создаем DOM	1249294010.9397	0.014015197753906	14
<-0	Ищем XML и page	1249294010.9399	0.014147996902466	14
<-9	XSLT-трасформация	1249294010.9487	0.022986173629761	23
<-5	Финиш	1249294010.9536	0.027889013290405	28
------------------------------------

<-1	Подключаем ядро	1249294012.9405	0.0006558895111084	1
<-11	Чистим переменные	1249294012.9514	0.011518001556396	12
<-2	Начинаем работу	1249294012.9538	0.013974905014038	14
<-0	Подключаемся к базе	1249294012.9539	0.014052867889404	14
<-1	Считаем $request	1249294012.9547	0.01487398147583	15
<-0	Создаем DOM	1249294012.9548	0.014987945556641	15
<-0	Ищем XML и page	1249294012.955	0.015126943588257	15
<-12	XSLT-трасформация	1249294012.967	0.027107000350952	27
<-5	Финиш	1249294012.9718	0.03194785118103	32
------------------------------------

<-0	Подключаем ядро	1249294015.7288	0.00038886070251465	0
<-11	Чистим переменные	1249294015.7395	0.011108875274658	11
<-2	Начинаем работу	1249294015.7413	0.012871980667114	13
<-0	Подключаемся к базе	1249294015.7414	0.012952089309692	13
<-1	Считаем $request	1249294015.7421	0.013710975646973	14
<-0	Создаем DOM	1249294015.7422	0.0138099193573	14
<-0	Ищем XML и page	1249294015.7424	0.013941049575806	14
<-9	XSLT-трасформация	1249294015.751	0.022564888000488	23
<-5	Финиш	1249294015.7567	0.028292894363403	28
------------------------------------

<-0	Подключаем ядро	1249294017.7041	0.00038695335388184	0
<-11	Чистим переменные	1249294017.7149	0.011191844940186	11
<-2	Начинаем работу	1249294017.7168	0.013077974319458	13
<-0	Подключаемся к базе	1249294017.7169	0.013154029846191	13
<-1	Считаем $request	1249294017.7177	0.013969898223877	14
<-0	Создаем DOM	1249294017.7178	0.014081001281738	14
<-0	Ищем XML и page	1249294017.7179	0.014217853546143	14
<-10	XSLT-трасформация	1249294017.7279	0.024213075637817	24
<-6	Финиш	1249294017.7336	0.029891967773438	30
------------------------------------

<-0	Подключаем ядро	1249294019.7236	0.00037193298339844	0
<-11	Чистим переменные	1249294019.7343	0.011135101318359	11
<-6	Начинаем работу	1249294019.7406	0.017358064651489	17
<-0	Подключаемся к базе	1249294019.7407	0.017453908920288	17
<-1	Считаем $request	1249294019.7414	0.018212080001831	18
<-0	Создаем DOM	1249294019.7415	0.018311023712158	18
<-0	Ищем XML и page	1249294019.7417	0.018444061279297	18
<-10	XSLT-трасформация	1249294019.7514	0.028225898742676	28
<-5	Финиш	1249294019.7562	0.033025979995728	33
------------------------------------

<-0	Подключаем ядро	1249294020.9411	0.0004279613494873	0
<-11	Чистим переменные	1249294020.9519	0.011191129684448	11
<-2	Начинаем работу	1249294020.9536	0.012938022613525	13
<-0	Подключаемся к базе	1249294020.9537	0.013014078140259	13
<-1	Считаем $request	1249294020.9545	0.013797044754028	14
<-0	Создаем DOM	1249294020.9546	0.013894081115723	14
<-0	Ищем XML и page	1249294020.9547	0.014025926589966	14
<-10	XSLT-трасформация	1249294020.9647	0.024022102355957	24
<-9	Финиш	1249294020.9734	0.032750129699707	33
------------------------------------

<-0	Подключаем ядро	1249294022.1677	0.00037908554077148	0
<-11	Чистим переменные	1249294022.1787	0.011390924453735	11
<-2	Начинаем работу	1249294022.1804	0.013156890869141	13
<-0	Подключаемся к базе	1249294022.1805	0.01323390007019	13
<-1	Считаем $request	1249294022.1813	0.01399302482605	14
<-0	Создаем DOM	1249294022.1814	0.014087915420532	14
<-0	Ищем XML и page	1249294022.1815	0.014224052429199	14
<-5	XSLT-трасформация	1249294022.1867	0.019392967224121	19
<-4	Финиш	1249294022.1904	0.023157119750977	23
------------------------------------

<-1	Подключаем ядро	1249294023.0768	0.00065398216247559	1
<-12	Чистим переменные	1249294023.0895	0.013368844985962	13
<-2	Начинаем работу	1249294023.0913	0.015110969543457	15
<-0	Подключаемся к базе	1249294023.0914	0.01518702507019	15
<-1	Считаем $request	1249294023.0921	0.015934944152832	16
<-0	Создаем DOM	1249294023.0922	0.016044855117798	16
<-0	Ищем XML и page	1249294023.0924	0.01617693901062	16
<-6	XSLT-трасформация	1249294023.0982	0.022073984146118	22
<-6	Финиш	1249294023.1039	0.027735948562622	28
------------------------------------

<-0	Подключаем ядро	1249294024.1812	0.00040602684020996	0
<-11	Чистим переменные	1249294024.192	0.011160135269165	11
<-2	Начинаем работу	1249294024.1937	0.012906074523926	13
<-0	Подключаемся к базе	1249294024.1938	0.012982130050659	13
<-1	Считаем $request	1249294024.1946	0.013741016387939	14
<-0	Создаем DOM	1249294024.1947	0.013837099075317	14
<-0	Ищем XML и page	1249294024.1948	0.013970136642456	14
<-9	XSLT-трасформация	1249294024.2034	0.022599935531616	23
<-4	Финиш	1249294024.2077	0.026900053024292	27
------------------------------------

<-0	Подключаем ядро	1249294029.3676	0.00037097930908203	0
<-11	Чистим переменные	1249294029.3784	0.011101007461548	11
<-2	Начинаем работу	1249294029.3806	0.013373851776123	13
<-0	Подключаемся к базе	1249294029.3807	0.013458967208862	13
<-1	Считаем $request	1249294029.3816	0.014318943023682	14
<-0	Создаем DOM	1249294029.3817	0.014423847198486	14
<-1	Ищем XML и page	1249294029.3818	0.014562845230103	15
------------------------------------

<-0	Подключаем ядро	1249294029.3976	0.00036501884460449	0
<-13	Чистим переменные	1249294029.4098	0.012594938278198	13
<-2	Начинаем работу	1249294029.4119	0.014698028564453	15
<-0	Подключаемся к базе	1249294029.412	0.014807939529419	15
<-1	Считаем $request	1249294029.4129	0.01568603515625	16
<-0	Создаем DOM	1249294029.413	0.015799999237061	16
<-0	Ищем XML и page	1249294029.4132	0.015964031219482	16
<-9	XSLT-трасформация	1249294029.422	0.024780035018921	25
<-4	Финиш	1249294029.4263	0.029090881347656	29
------------------------------------

<-0	Подключаем ядро	1249294033.1257	0.0003819465637207	0
<-11	Чистим переменные	1249294033.1364	0.011075973510742	11
<-3	Начинаем работу	1249294033.1395	0.014223098754883	14
<-0	Подключаемся к базе	1249294033.1396	0.014307022094727	14
<-1	Считаем $request	1249294033.1404	0.015111923217773	15
<-0	Создаем DOM	1249294033.1405	0.015220880508423	15
<-0	Ищем XML и page	1249294033.1407	0.015362977981567	15
------------------------------------

<-0	Подключаем ядро	1249294033.1643	0.0003819465637207	0
<-11	Чистим переменные	1249294033.1751	0.011148929595947	11
<-2	Начинаем работу	1249294033.1769	0.012928009033203	13
<-0	Подключаемся к базе	1249294033.177	0.013006925582886	13
<-1	Считаем $request	1249294033.1777	0.013759851455688	14
<-0	Создаем DOM	1249294033.1778	0.013859033584595	14
<-0	Ищем XML и page	1249294033.178	0.013990879058838	14
<-10	XSLT-трасформация	1249294033.1878	0.023800849914551	24
<-5	Финиш	1249294033.193	0.029010057449341	29
------------------------------------

<-0	Подключаем ядро	1249294035.0035	0.00040316581726074	0
<-11	Чистим переменные	1249294035.0143	0.011242151260376	11
<-2	Начинаем работу	1249294035.0161	0.013005018234253	13
<-0	Подключаемся к базе	1249294035.0162	0.013100147247314	13
<-1	Считаем $request	1249294035.0169	0.013848066329956	14
<-0	Создаем DOM	1249294035.017	0.013947010040283	14
<-0	Ищем XML и page	1249294035.0172	0.014091014862061	14
<-9	XSLT-трасформация	1249294035.0259	0.0228111743927	23
<-6	Финиш	1249294035.0317	0.028613090515137	29
------------------------------------

<-0	Подключаем ядро	1249294038.8244	0.00038695335388184	0
<-11	Чистим переменные	1249294038.8351	0.011060953140259	11
<-2	Начинаем работу	1249294038.8375	0.013402938842773	13
<-0	Подключаемся к базе	1249294038.8375	0.013489007949829	13
<-1	Считаем $request	1249294038.8384	0.014333963394165	14
<-0	Создаем DOM	1249294038.8385	0.014448881149292	14
<-1	Ищем XML и page	1249294038.8386	0.014585971832275	15
------------------------------------

<-0	Подключаем ядро	1249294038.8539	0.00034785270690918	0
<-15	Чистим переменные	1249294038.8687	0.015151977539062	15
<-3	Начинаем работу	1249294038.8719	0.018312931060791	18
<-0	Подключаемся к базе	1249294038.872	0.018461942672729	18
<-2	Считаем $request	1249294038.8733	0.019773960113525	20
<-0	Создаем DOM	1249294038.8735	0.019958972930908	20
<-0	Ищем XML и page	1249294038.8737	0.020192861557007	20
<-11	XSLT-трасформация	1249294038.8848	0.031227827072144	31
<-6	Финиш	1249294038.8902	0.036628007888794	37
------------------------------------

<-1	Подключаем ядро	1249294041.8856	0.00067710876464844	1
<-18	Чистим переменные	1249294041.9039	0.018908977508545	19
<-2	Начинаем работу	1249294041.9056	0.020648002624512	21
<-0	Подключаемся к базе	1249294041.9057	0.020725965499878	21
<-0	Считаем $request	1249294041.9065	0.021490097045898	21
<-1	Создаем DOM	1249294041.9066	0.02159595489502	22
<-0	Ищем XML и page	1249294041.9067	0.021737098693848	22
<-9	XSLT-трасформация	1249294041.9159	0.03090500831604	31
<-5	Финиш	1249294041.9213	0.036287069320679	36
------------------------------------

<-1	Подключаем ядро	1249294046.0994	0.00072097778320312	1
<-11	Чистим переменные	1249294046.1108	0.012092113494873	12
<-2	Начинаем работу	1249294046.1126	0.01397705078125	14
<-0	Подключаемся к базе	1249294046.1127	0.014053106307983	14
<-1	Считаем $request	1249294046.1135	0.01482105255127	15
<-0	Создаем DOM	1249294046.1136	0.014920949935913	15
<-0	Ищем XML и page	1249294046.1137	0.015053987503052	15
<-6	XSLT-трасформация	1249294046.1197	0.02106499671936	21
<-6	Финиш	1249294046.1257	0.027063131332397	27
------------------------------------

<-0	Подключаем ядро	1249294047.6272	0.00038290023803711	0
<-11	Чистим переменные	1249294047.6379	0.01104998588562	11
<-2	Начинаем работу	1249294047.6397	0.012799978256226	13
<-0	Подключаемся к базе	1249294047.6397	0.012879848480225	13
<-1	Считаем $request	1249294047.6405	0.013689041137695	14
<-0	Создаем DOM	1249294047.6406	0.013794898986816	14
<-0	Ищем XML и page	1249294047.6408	0.013936042785645	14
<-9	XSLT-трасформация	1249294047.6503	0.02342700958252	23
<-5	Финиш	1249294047.6553	0.028429985046387	28
------------------------------------

<-0	Подключаем ядро	1249294052.9846	0.0003960132598877	0
<-11	Чистим переменные	1249294052.9953	0.011137962341309	11
<-2	Начинаем работу	1249294052.9973	0.013086080551147	13
<-0	Подключаемся к базе	1249294052.9973	0.013169050216675	13
<-1	Считаем $request	1249294052.9983	0.014092922210693	14
<-0	Создаем DOM	1249294052.9984	0.014204978942871	14
<-0	Ищем XML и page	1249294052.9985	0.01435399055481	14
<-11	Финиш	1249294053.0088	0.024600028991699	25
